2018-02-25 11:57:21 4204 [Note] Plugin 'FEDERATED' is disabled.
2018-02-25 11:57:21 4204 [Note] InnoDB: The InnoDB memory heap is disabled
2018-02-25 11:57:21 4204 [Note] InnoDB: Mutexes and rw_locks use Windows interlocked functions
2018-02-25 11:57:21 4204 [Note] InnoDB: Compressed tables use zlib 1.2.3
2018-02-25 11:57:21 4204 [Note] InnoDB: Not using CPU crc32 instructions
2018-02-25 11:57:21 4204 [Note] InnoDB: Initializing buffer pool, size = 128.0M
2018-02-25 11:57:21 4204 [Note] InnoDB: Completed initialization of buffer pool
2018-02-25 11:57:22 4204 [Note] InnoDB: Setting log file D:\GITHUB_TRABAJOS_MIGUEL\PROGRAMACION_MIGUEL\USBWEBSERVER_v8.6\mysql\data\ib_logfile101 size to 5 MB
2018-02-25 11:57:22 4204 [Note] InnoDB: Setting log file D:\GITHUB_TRABAJOS_MIGUEL\PROGRAMACION_MIGUEL\USBWEBSERVER_v8.6\mysql\data\ib_logfile1 size to 5 MB
2018-02-25 11:57:22 4204 [Note] InnoDB: Renaming log file D:\GITHUB_TRABAJOS_MIGUEL\PROGRAMACION_MIGUEL\USBWEBSERVER_v8.6\mysql\data\ib_logfile101 to D:\GITHUB_TRABAJOS_MIGUEL\PROGRAMACION_MIGUEL\USBWEBSERVER_v8.6\mysql\data\ib_logfile0
2018-02-25 11:57:22 4204 [Warning] InnoDB: New log files created, LSN=1626134
2018-02-25 11:57:22 4204 [Note] InnoDB: Highest supported file format is Barracuda.
2018-02-25 11:57:22 4204 [Note] InnoDB: 128 rollback segment(s) are active.
2018-02-25 11:57:22 4204 [Note] InnoDB: Waiting for purge to start
2018-02-25 11:57:22 4204 [Note] InnoDB: 5.6.13 started; log sequence number 1626636
2018-02-25 11:57:22 4204 [Warning] No existing UUID has been found, so we assume that this is the first time that this server has been started. Generating a new UUID: a7f0be21-1a1a-11e8-87bf-d8cb8aecc7e0.
2018-02-25 11:57:22 4204 [Note] Server hostname (bind-address): '*'; port: 3307
2018-02-25 11:57:22 4204 [Note] IPv6 is available.
2018-02-25 11:57:22 4204 [Note]   - '::' resolves to '::';
2018-02-25 11:57:22 4204 [Note] Server socket created on IP: '::'.
2018-02-28 11:40:16 1720 [Note] Plugin 'FEDERATED' is disabled.
2018-02-28 11:40:16 1720 [Note] InnoDB: The InnoDB memory heap is disabled
2018-02-28 11:40:16 1720 [Note] InnoDB: Mutexes and rw_locks use Windows interlocked functions
2018-02-28 11:40:16 1720 [Note] InnoDB: Compressed tables use zlib 1.2.3
2018-02-28 11:40:16 1720 [Note] InnoDB: Not using CPU crc32 instructions
2018-02-28 11:40:16 1720 [Note] InnoDB: Initializing buffer pool, size = 128.0M
2018-02-28 11:40:16 1720 [Note] InnoDB: Completed initialization of buffer pool
2018-02-28 11:40:16 1720 [Note] InnoDB: Highest supported file format is Barracuda.
2018-02-28 11:40:16 1720 [Note] InnoDB: The log sequence numbers 1626134 and 1626134 in ibdata files do not match the log sequence number 1680076 in the ib_logfiles!
2018-02-28 11:40:16 1720 [Note] InnoDB: Database was not shutdown normally!
2018-02-28 11:40:16 1720 [Note] InnoDB: Starting crash recovery.
2018-02-28 11:40:16 1720 [Note] InnoDB: Reading tablespace information from the .ibd files...
2018-02-28 11:40:16 1720 [Note] InnoDB: Restoring possible half-written data pages 
2018-02-28 11:40:16 1720 [Note] InnoDB: from the doublewrite buffer...
2018-02-28 11:40:16 1720 [Note] InnoDB: 128 rollback segment(s) are active.
2018-02-28 11:40:16 1720 [Note] InnoDB: Waiting for purge to start
2018-02-28 11:40:16 1720 [Note] InnoDB: 5.6.13 started; log sequence number 1680076
2018-02-28 11:40:16 1720 [Note] Server hostname (bind-address): '*'; port: 3307
2018-02-28 11:40:16 1720 [Note] IPv6 is available.
2018-02-28 11:40:16 1720 [Note]   - '::' resolves to '::';
2018-02-28 11:40:16 1720 [Note] Server socket created on IP: '::'.
2018-02-28 22:05:34 15200 [Note] Plugin 'FEDERATED' is disabled.
2018-02-28 22:05:34 15200 [Note] InnoDB: The InnoDB memory heap is disabled
2018-02-28 22:05:34 15200 [Note] InnoDB: Mutexes and rw_locks use Windows interlocked functions
2018-02-28 22:05:34 15200 [Note] InnoDB: Compressed tables use zlib 1.2.3
2018-02-28 22:05:34 15200 [Note] InnoDB: Not using CPU crc32 instructions
2018-02-28 22:05:34 15200 [Note] InnoDB: Initializing buffer pool, size = 128.0M
2018-02-28 22:05:34 15200 [Note] InnoDB: Completed initialization of buffer pool
2018-02-28 22:05:34 15200 [Note] InnoDB: Highest supported file format is Barracuda.
2018-02-28 22:05:34 15200 [Note] InnoDB: The log sequence numbers 1626134 and 1626134 in ibdata files do not match the log sequence number 1680086 in the ib_logfiles!
2018-02-28 22:05:34 15200 [Note] InnoDB: Database was not shutdown normally!
2018-02-28 22:05:34 15200 [Note] InnoDB: Starting crash recovery.
2018-02-28 22:05:34 15200 [Note] InnoDB: Reading tablespace information from the .ibd files...
2018-02-28 22:05:34 15200 [Note] InnoDB: Restoring possible half-written data pages 
2018-02-28 22:05:34 15200 [Note] InnoDB: from the doublewrite buffer...
2018-02-28 22:05:35 15200 [Note] InnoDB: 128 rollback segment(s) are active.
2018-02-28 22:05:35 15200 [Note] InnoDB: Waiting for purge to start
2018-02-28 22:05:35 15200 [Note] InnoDB: 5.6.13 started; log sequence number 1680086
2018-02-28 22:05:35 15200 [Note] Server hostname (bind-address): '*'; port: 3307
2018-02-28 22:05:35 15200 [Note] IPv6 is available.
2018-02-28 22:05:35 15200 [Note]   - '::' resolves to '::';
2018-02-28 22:05:35 15200 [Note] Server socket created on IP: '::'.
2018-03-01 18:33:23 11128 [Note] Plugin 'FEDERATED' is disabled.
2018-03-01 18:33:23 11128 [Note] InnoDB: The InnoDB memory heap is disabled
2018-03-01 18:33:23 11128 [Note] InnoDB: Mutexes and rw_locks use Windows interlocked functions
2018-03-01 18:33:23 11128 [Note] InnoDB: Compressed tables use zlib 1.2.3
2018-03-01 18:33:23 11128 [Note] InnoDB: Not using CPU crc32 instructions
2018-03-01 18:33:23 11128 [Note] InnoDB: Initializing buffer pool, size = 128.0M
2018-03-01 18:33:23 11128 [Note] InnoDB: Completed initialization of buffer pool
2018-03-01 18:33:23 11128 [Note] InnoDB: Highest supported file format is Barracuda.
2018-03-01 18:33:23 11128 [Note] InnoDB: The log sequence numbers 1626134 and 1626134 in ibdata files do not match the log sequence number 1680106 in the ib_logfiles!
2018-03-01 18:33:23 11128 [Note] InnoDB: Database was not shutdown normally!
2018-03-01 18:33:23 11128 [Note] InnoDB: Starting crash recovery.
2018-03-01 18:33:23 11128 [Note] InnoDB: Reading tablespace information from the .ibd files...
2018-03-01 18:33:23 11128 [Note] InnoDB: Restoring possible half-written data pages 
2018-03-01 18:33:23 11128 [Note] InnoDB: from the doublewrite buffer...
2018-03-01 18:33:23 11128 [Note] InnoDB: 128 rollback segment(s) are active.
2018-03-01 18:33:23 11128 [Note] InnoDB: Waiting for purge to start
2018-03-01 18:33:23 11128 [Note] InnoDB: 5.6.13 started; log sequence number 1680106
2018-03-01 18:33:23 11128 [Note] Server hostname (bind-address): '*'; port: 3307
2018-03-01 18:33:23 11128 [Note] IPv6 is available.
2018-03-01 18:33:23 11128 [Note]   - '::' resolves to '::';
2018-03-01 18:33:23 11128 [Note] Server socket created on IP: '::'.
2018-03-01 23:20:06 17084 [Note] Plugin 'FEDERATED' is disabled.
2018-03-01 23:20:06 17084 [Note] InnoDB: The InnoDB memory heap is disabled
2018-03-01 23:20:06 17084 [Note] InnoDB: Mutexes and rw_locks use Windows interlocked functions
2018-03-01 23:20:06 17084 [Note] InnoDB: Compressed tables use zlib 1.2.3
2018-03-01 23:20:06 17084 [Note] InnoDB: Not using CPU crc32 instructions
2018-03-01 23:20:06 17084 [Note] InnoDB: Initializing buffer pool, size = 128.0M
2018-03-01 23:20:06 17084 [Note] InnoDB: Completed initialization of buffer pool
2018-03-01 23:20:06 17084 [Note] InnoDB: Highest supported file format is Barracuda.
2018-03-01 23:20:06 17084 [Note] InnoDB: The log sequence numbers 1626134 and 1626134 in ibdata files do not match the log sequence number 1680116 in the ib_logfiles!
2018-03-01 23:20:06 17084 [Note] InnoDB: Database was not shutdown normally!
2018-03-01 23:20:06 17084 [Note] InnoDB: Starting crash recovery.
2018-03-01 23:20:06 17084 [Note] InnoDB: Reading tablespace information from the .ibd files...
2018-03-01 23:20:06 17084 [Note] InnoDB: Restoring possible half-written data pages 
2018-03-01 23:20:06 17084 [Note] InnoDB: from the doublewrite buffer...
2018-03-01 23:20:06 17084 [Note] InnoDB: 128 rollback segment(s) are active.
2018-03-01 23:20:06 17084 [Note] InnoDB: Waiting for purge to start
2018-03-01 23:20:06 17084 [Note] InnoDB: 5.6.13 started; log sequence number 1680116
2018-03-01 23:20:06 17084 [Note] Server hostname (bind-address): '*'; port: 3307
2018-03-01 23:20:06 17084 [Note] IPv6 is available.
2018-03-01 23:20:06 17084 [Note]   - '::' resolves to '::';
2018-03-01 23:20:06 17084 [Note] Server socket created on IP: '::'.
2018-03-02 00:31:08 2424 [Note] Plugin 'FEDERATED' is disabled.
2018-03-02 00:31:08 2424 [Note] InnoDB: The InnoDB memory heap is disabled
2018-03-02 00:31:08 2424 [Note] InnoDB: Mutexes and rw_locks use Windows interlocked functions
2018-03-02 00:31:08 2424 [Note] InnoDB: Compressed tables use zlib 1.2.3
2018-03-02 00:31:08 2424 [Note] InnoDB: Not using CPU crc32 instructions
2018-03-02 00:31:08 2424 [Note] InnoDB: Initializing buffer pool, size = 128.0M
2018-03-02 00:31:08 2424 [Note] InnoDB: Completed initialization of buffer pool
2018-03-02 00:31:08 2424 [Note] InnoDB: Highest supported file format is Barracuda.
2018-03-02 00:31:08 2424 [Note] InnoDB: The log sequence numbers 1626134 and 1626134 in ibdata files do not match the log sequence number 1743614 in the ib_logfiles!
2018-03-02 00:31:08 2424 [Note] InnoDB: Database was not shutdown normally!
2018-03-02 00:31:08 2424 [Note] InnoDB: Starting crash recovery.
2018-03-02 00:31:08 2424 [Note] InnoDB: Reading tablespace information from the .ibd files...
2018-03-02 00:31:08 2424 [Note] InnoDB: Restoring possible half-written data pages 
2018-03-02 00:31:08 2424 [Note] InnoDB: from the doublewrite buffer...
2018-03-02 00:31:09 2424 [Note] InnoDB: 128 rollback segment(s) are active.
2018-03-02 00:31:09 2424 [Note] InnoDB: Waiting for purge to start
2018-03-02 00:31:09 2424 [Note] InnoDB: 5.6.13 started; log sequence number 1743614
2018-03-02 00:31:09 2424 [Note] Server hostname (bind-address): '*'; port: 3307
2018-03-02 00:31:09 2424 [Note] IPv6 is available.
2018-03-02 00:31:09 2424 [Note]   - '::' resolves to '::';
2018-03-02 00:31:09 2424 [Note] Server socket created on IP: '::'.
2018-03-19 18:26:05 15600 [Note] Plugin 'FEDERATED' is disabled.
2018-03-19 18:26:05 15600 [Note] InnoDB: The InnoDB memory heap is disabled
2018-03-19 18:26:05 15600 [Note] InnoDB: Mutexes and rw_locks use Windows interlocked functions
2018-03-19 18:26:05 15600 [Note] InnoDB: Compressed tables use zlib 1.2.3
2018-03-19 18:26:05 15600 [Note] InnoDB: Not using CPU crc32 instructions
2018-03-19 18:26:05 15600 [Note] InnoDB: Initializing buffer pool, size = 128.0M
2018-03-19 18:26:05 15600 [Note] InnoDB: Completed initialization of buffer pool
2018-03-19 18:26:05 15600 [Note] InnoDB: Highest supported file format is Barracuda.
2018-03-19 18:26:05 15600 [Note] InnoDB: The log sequence numbers 1626134 and 1626134 in ibdata files do not match the log sequence number 1834934 in the ib_logfiles!
2018-03-19 18:26:05 15600 [Note] InnoDB: Database was not shutdown normally!
2018-03-19 18:26:05 15600 [Note] InnoDB: Starting crash recovery.
2018-03-19 18:26:05 15600 [Note] InnoDB: Reading tablespace information from the .ibd files...
2018-03-19 18:26:05 15600 [Note] InnoDB: Restoring possible half-written data pages 
2018-03-19 18:26:05 15600 [Note] InnoDB: from the doublewrite buffer...
2018-03-19 18:26:05 15600 [Note] InnoDB: 128 rollback segment(s) are active.
2018-03-19 18:26:05 15600 [Note] InnoDB: Waiting for purge to start
2018-03-19 18:26:06 15600 [Note] InnoDB: 5.6.13 started; log sequence number 1834934
2018-03-19 18:26:06 15600 [Note] Server hostname (bind-address): '*'; port: 3307
2018-03-19 18:26:06 15600 [Note] IPv6 is available.
2018-03-19 18:26:06 15600 [Note]   - '::' resolves to '::';
2018-03-19 18:26:06 15600 [Note] Server socket created on IP: '::'.
2018-03-19 18:26:06 15600 [Note] Event Scheduler: Loaded 0 events
2018-03-19 18:26:06 15600 [Note] D:\GITHUB_TRABAJOS_MIGUEL\PROGRAMACION_MIGUEL\USBWEBSERVER_v8.6\USBWebServer_v8.6/mysql/bin/mysqld_usbwv8.exe: ready for connections.
Version: '5.6.13'  socket: ''  port: 3307  MySQL Community Server (GPL)
2018-03-22 19:08:31 9756 [Note] Plugin 'FEDERATED' is disabled.
2018-03-22 19:08:31 9756 [Note] InnoDB: The InnoDB memory heap is disabled
2018-03-22 19:08:31 9756 [Note] InnoDB: Mutexes and rw_locks use Windows interlocked functions
2018-03-22 19:08:31 9756 [Note] InnoDB: Compressed tables use zlib 1.2.3
2018-03-22 19:08:31 9756 [Note] InnoDB: Not using CPU crc32 instructions
2018-03-22 19:08:31 9756 [Note] InnoDB: Initializing buffer pool, size = 128.0M
2018-03-22 19:08:31 9756 [Note] InnoDB: Completed initialization of buffer pool
2018-03-22 19:08:31 9756 [Note] InnoDB: Highest supported file format is Barracuda.
2018-03-22 19:08:31 9756 [Note] InnoDB: The log sequence numbers 1626134 and 1626134 in ibdata files do not match the log sequence number 1837878 in the ib_logfiles!
2018-03-22 19:08:31 9756 [Note] InnoDB: Database was not shutdown normally!
2018-03-22 19:08:31 9756 [Note] InnoDB: Starting crash recovery.
2018-03-22 19:08:31 9756 [Note] InnoDB: Reading tablespace information from the .ibd files...
2018-03-22 19:08:31 9756 [Note] InnoDB: Restoring possible half-written data pages 
2018-03-22 19:08:31 9756 [Note] InnoDB: from the doublewrite buffer...
2018-03-22 19:08:31 9756 [Note] InnoDB: 128 rollback segment(s) are active.
2018-03-22 19:08:31 9756 [Note] InnoDB: Waiting for purge to start
2018-03-22 19:08:32 9756 [Note] InnoDB: 5.6.13 started; log sequence number 1837878
2018-03-22 19:08:32 9756 [Note] Server hostname (bind-address): '*'; port: 3307
2018-03-22 19:08:32 9756 [Note] IPv6 is available.
2018-03-22 19:08:32 9756 [Note]   - '::' resolves to '::';
2018-03-22 19:08:32 9756 [Note] Server socket created on IP: '::'.
2018-04-24 13:29:38 18732 [Note] Plugin 'FEDERATED' is disabled.
2018-04-24 13:29:38 18732 [Note] InnoDB: The InnoDB memory heap is disabled
2018-04-24 13:29:38 18732 [Note] InnoDB: Mutexes and rw_locks use Windows interlocked functions
2018-04-24 13:29:38 18732 [Note] InnoDB: Compressed tables use zlib 1.2.3
2018-04-24 13:29:38 18732 [Note] InnoDB: Not using CPU crc32 instructions
2018-04-24 13:29:38 18732 [Note] InnoDB: Initializing buffer pool, size = 128.0M
2018-04-24 13:29:38 18732 [Note] InnoDB: Completed initialization of buffer pool
2018-04-24 13:29:38 18732 [Note] InnoDB: Highest supported file format is Barracuda.
2018-04-24 13:29:38 18732 [Note] InnoDB: The log sequence numbers 1626134 and 1626134 in ibdata files do not match the log sequence number 1838026 in the ib_logfiles!
2018-04-24 13:29:38 18732 [Note] InnoDB: Database was not shutdown normally!
2018-04-24 13:29:38 18732 [Note] InnoDB: Starting crash recovery.
2018-04-24 13:29:38 18732 [Note] InnoDB: Reading tablespace information from the .ibd files...
2018-04-24 13:29:38 18732 [Note] InnoDB: Restoring possible half-written data pages 
2018-04-24 13:29:38 18732 [Note] InnoDB: from the doublewrite buffer...
2018-04-24 13:29:39 18732 [Note] InnoDB: 128 rollback segment(s) are active.
2018-04-24 13:29:39 18732 [Note] InnoDB: Waiting for purge to start
2018-04-24 13:29:39 18732 [Note] InnoDB: 5.6.13 started; log sequence number 1838026
2018-04-24 13:29:39 18732 [Note] Server hostname (bind-address): '*'; port: 3307
2018-04-24 13:29:39 18732 [Note] IPv6 is available.
2018-04-24 13:29:39 18732 [Note]   - '::' resolves to '::';
2018-04-24 13:29:39 18732 [Note] Server socket created on IP: '::'.
2018-04-24 13:29:39 18732 [Note] Event Scheduler: Loaded 0 events
2018-04-24 13:29:39 18732 [Note] D:\GITHUB_TRABAJOS_MIGUEL_CURSO_2018\DAW_CURSO_2017_2018\ORG_MASTER_PROYECTO_ESPORT_G6\PROYECTO_ESPORT_G6\USBWEBSERVER_v8.6\USBWebServer_v8.6/mysql/bin/mysqld_usbwv8.exe: ready for connections.
Version: '5.6.13'  socket: ''  port: 3307  MySQL Community Server (GPL)
2018-04-24 15:59:22 20632 [Note] Plugin 'FEDERATED' is disabled.
2018-04-24 15:59:22 20632 [Note] InnoDB: The InnoDB memory heap is disabled
2018-04-24 15:59:22 20632 [Note] InnoDB: Mutexes and rw_locks use Windows interlocked functions
2018-04-24 15:59:22 20632 [Note] InnoDB: Compressed tables use zlib 1.2.3
2018-04-24 15:59:22 20632 [Note] InnoDB: Not using CPU crc32 instructions
2018-04-24 15:59:22 20632 [Note] InnoDB: Initializing buffer pool, size = 128.0M
2018-04-24 15:59:22 20632 [Note] InnoDB: Completed initialization of buffer pool
2018-04-24 15:59:22 20632 [Note] InnoDB: Highest supported file format is Barracuda.
2018-04-24 15:59:22 20632 [Note] InnoDB: The log sequence numbers 1626134 and 1626134 in ibdata files do not match the log sequence number 1838036 in the ib_logfiles!
2018-04-24 15:59:22 20632 [Note] InnoDB: Database was not shutdown normally!
2018-04-24 15:59:22 20632 [Note] InnoDB: Starting crash recovery.
2018-04-24 15:59:22 20632 [Note] InnoDB: Reading tablespace information from the .ibd files...
2018-04-24 15:59:22 20632 [Note] InnoDB: Restoring possible half-written data pages 
2018-04-24 15:59:22 20632 [Note] InnoDB: from the doublewrite buffer...
2018-04-24 15:59:22 20632 [Note] InnoDB: 128 rollback segment(s) are active.
2018-04-24 15:59:22 20632 [Note] InnoDB: Waiting for purge to start
2018-04-24 15:59:22 20632 [Note] InnoDB: 5.6.13 started; log sequence number 1838036
2018-04-24 15:59:22 20632 [Note] Server hostname (bind-address): '*'; port: 3307
2018-04-24 15:59:22 20632 [Note] IPv6 is available.
2018-04-24 15:59:22 20632 [Note]   - '::' resolves to '::';
2018-04-24 15:59:22 20632 [Note] Server socket created on IP: '::'.
2018-04-24 23:40:34 24228 [Note] Plugin 'FEDERATED' is disabled.
2018-04-24 23:40:34 24228 [Note] InnoDB: The InnoDB memory heap is disabled
2018-04-24 23:40:34 24228 [Note] InnoDB: Mutexes and rw_locks use Windows interlocked functions
2018-04-24 23:40:34 24228 [Note] InnoDB: Compressed tables use zlib 1.2.3
2018-04-24 23:40:34 24228 [Note] InnoDB: Not using CPU crc32 instructions
2018-04-24 23:40:34 24228 [Note] InnoDB: Initializing buffer pool, size = 128.0M
2018-04-24 23:40:34 24228 [Note] InnoDB: Completed initialization of buffer pool
2018-04-24 23:40:34 24228 [Note] InnoDB: Highest supported file format is Barracuda.
2018-04-24 23:40:34 24228 [Note] InnoDB: The log sequence numbers 1626134 and 1626134 in ibdata files do not match the log sequence number 1838046 in the ib_logfiles!
2018-04-24 23:40:34 24228 [Note] InnoDB: Database was not shutdown normally!
2018-04-24 23:40:34 24228 [Note] InnoDB: Starting crash recovery.
2018-04-24 23:40:34 24228 [Note] InnoDB: Reading tablespace information from the .ibd files...
2018-04-24 23:40:34 24228 [Note] InnoDB: Restoring possible half-written data pages 
2018-04-24 23:40:34 24228 [Note] InnoDB: from the doublewrite buffer...
2018-04-24 23:40:35 24228 [Note] InnoDB: 128 rollback segment(s) are active.
2018-04-24 23:40:35 24228 [Note] InnoDB: Waiting for purge to start
2018-04-24 23:40:35 24228 [Note] InnoDB: 5.6.13 started; log sequence number 1838046
2018-04-24 23:40:35 24228 [Note] Server hostname (bind-address): '*'; port: 3307
2018-04-24 23:40:35 24228 [Note] IPv6 is available.
2018-04-24 23:40:35 24228 [Note]   - '::' resolves to '::';
2018-04-24 23:40:35 24228 [Note] Server socket created on IP: '::'.
2018-04-25 13:32:18 16116 [Note] Plugin 'FEDERATED' is disabled.
2018-04-25 13:32:18 16116 [Note] InnoDB: The InnoDB memory heap is disabled
2018-04-25 13:32:18 16116 [Note] InnoDB: Mutexes and rw_locks use Windows interlocked functions
2018-04-25 13:32:18 16116 [Note] InnoDB: Compressed tables use zlib 1.2.3
2018-04-25 13:32:18 16116 [Note] InnoDB: Not using CPU crc32 instructions
2018-04-25 13:32:18 16116 [Note] InnoDB: Initializing buffer pool, size = 128.0M
2018-04-25 13:32:18 16116 [Note] InnoDB: Completed initialization of buffer pool
2018-04-25 13:32:18 16116 [Note] InnoDB: Highest supported file format is Barracuda.
2018-04-25 13:32:18 16116 [Note] InnoDB: The log sequence numbers 1626134 and 1626134 in ibdata files do not match the log sequence number 6800154 in the ib_logfiles!
2018-04-25 13:32:18 16116 [Note] InnoDB: Database was not shutdown normally!
2018-04-25 13:32:18 16116 [Note] InnoDB: Starting crash recovery.
2018-04-25 13:32:18 16116 [Note] InnoDB: Reading tablespace information from the .ibd files...
2018-04-25 13:32:18 16116 [Note] InnoDB: Restoring possible half-written data pages 
2018-04-25 13:32:18 16116 [Note] InnoDB: from the doublewrite buffer...
2018-04-25 13:32:19 16116 [Note] InnoDB: 128 rollback segment(s) are active.
2018-04-25 13:32:19 16116 [Note] InnoDB: Waiting for purge to start
2018-04-25 13:32:19 16116 [Note] InnoDB: 5.6.13 started; log sequence number 6800154
2018-04-25 13:32:19 16116 [Note] Server hostname (bind-address): '*'; port: 3307
2018-04-25 13:32:19 16116 [Note] IPv6 is available.
2018-04-25 13:32:19 16116 [Note]   - '::' resolves to '::';
2018-04-25 13:32:19 16116 [Note] Server socket created on IP: '::'.
2018-04-25 16:48:51 41636 [Note] Plugin 'FEDERATED' is disabled.
2018-04-25 16:48:51 41636 [Note] InnoDB: The InnoDB memory heap is disabled
2018-04-25 16:48:51 41636 [Note] InnoDB: Mutexes and rw_locks use Windows interlocked functions
2018-04-25 16:48:51 41636 [Note] InnoDB: Compressed tables use zlib 1.2.3
2018-04-25 16:48:51 41636 [Note] InnoDB: Not using CPU crc32 instructions
2018-04-25 16:48:51 41636 [Note] InnoDB: Initializing buffer pool, size = 128.0M
2018-04-25 16:48:51 41636 [Note] InnoDB: Completed initialization of buffer pool
2018-04-25 16:48:51 41636 [Note] InnoDB: Highest supported file format is Barracuda.
2018-04-25 16:48:51 41636 [Note] InnoDB: The log sequence numbers 1626134 and 1626134 in ibdata files do not match the log sequence number 7258282 in the ib_logfiles!
2018-04-25 16:48:51 41636 [Note] InnoDB: Database was not shutdown normally!
2018-04-25 16:48:51 41636 [Note] InnoDB: Starting crash recovery.
2018-04-25 16:48:51 41636 [Note] InnoDB: Reading tablespace information from the .ibd files...
2018-04-25 16:48:51 41636 [Note] InnoDB: Restoring possible half-written data pages 
2018-04-25 16:48:51 41636 [Note] InnoDB: from the doublewrite buffer...
2018-04-25 16:48:52 41636 [Note] InnoDB: 128 rollback segment(s) are active.
2018-04-25 16:48:52 41636 [Note] InnoDB: Waiting for purge to start
2018-04-25 16:48:52 41636 [Note] InnoDB: 5.6.13 started; log sequence number 7258282
2018-04-25 16:48:52 41636 [Note] Server hostname (bind-address): '*'; port: 3307
2018-04-25 16:48:52 41636 [Note] IPv6 is available.
2018-04-25 16:48:52 41636 [Note]   - '::' resolves to '::';
2018-04-25 16:48:52 41636 [Note] Server socket created on IP: '::'.
2018-04-25 19:07:53 46376 [Note] Plugin 'FEDERATED' is disabled.
2018-04-25 19:07:53 46376 [Note] InnoDB: The InnoDB memory heap is disabled
2018-04-25 19:07:53 46376 [Note] InnoDB: Mutexes and rw_locks use Windows interlocked functions
2018-04-25 19:07:53 46376 [Note] InnoDB: Compressed tables use zlib 1.2.3
2018-04-25 19:07:53 46376 [Note] InnoDB: Not using CPU crc32 instructions
2018-04-25 19:07:53 46376 [Note] InnoDB: Initializing buffer pool, size = 128.0M
2018-04-25 19:07:53 46376 [Note] InnoDB: Completed initialization of buffer pool
2018-04-25 19:07:53 46376 [Note] InnoDB: Highest supported file format is Barracuda.
2018-04-25 19:07:53 46376 [Note] InnoDB: The log sequence numbers 1626134 and 1626134 in ibdata files do not match the log sequence number 7262112 in the ib_logfiles!
2018-04-25 19:07:53 46376 [Note] InnoDB: Database was not shutdown normally!
2018-04-25 19:07:53 46376 [Note] InnoDB: Starting crash recovery.
2018-04-25 19:07:53 46376 [Note] InnoDB: Reading tablespace information from the .ibd files...
2018-04-25 19:07:53 46376 [Note] InnoDB: Restoring possible half-written data pages 
2018-04-25 19:07:53 46376 [Note] InnoDB: from the doublewrite buffer...
2018-04-25 19:07:53 46376 [Note] InnoDB: 128 rollback segment(s) are active.
2018-04-25 19:07:53 46376 [Note] InnoDB: Waiting for purge to start
2018-04-25 19:07:53 46376 [Note] InnoDB: 5.6.13 started; log sequence number 7262112
2018-04-25 19:07:53 46376 [Note] Server hostname (bind-address): '*'; port: 3307
2018-04-25 19:07:53 46376 [Note] IPv6 is available.
2018-04-25 19:07:53 46376 [Note]   - '::' resolves to '::';
2018-04-25 19:07:53 46376 [Note] Server socket created on IP: '::'.
2018-04-26 10:11:44 38968 [Note] Plugin 'FEDERATED' is disabled.
2018-04-26 10:11:44 38968 [Note] InnoDB: The InnoDB memory heap is disabled
2018-04-26 10:11:44 38968 [Note] InnoDB: Mutexes and rw_locks use Windows interlocked functions
2018-04-26 10:11:44 38968 [Note] InnoDB: Compressed tables use zlib 1.2.3
2018-04-26 10:11:44 38968 [Note] InnoDB: Not using CPU crc32 instructions
2018-04-26 10:11:44 38968 [Note] InnoDB: Initializing buffer pool, size = 128.0M
2018-04-26 10:11:44 38968 [Note] InnoDB: Completed initialization of buffer pool
2018-04-26 10:11:44 38968 [Note] InnoDB: Highest supported file format is Barracuda.
2018-04-26 10:11:44 38968 [Note] InnoDB: The log sequence numbers 1626134 and 1626134 in ibdata files do not match the log sequence number 7262122 in the ib_logfiles!
2018-04-26 10:11:44 38968 [Note] InnoDB: Database was not shutdown normally!
2018-04-26 10:11:44 38968 [Note] InnoDB: Starting crash recovery.
2018-04-26 10:11:44 38968 [Note] InnoDB: Reading tablespace information from the .ibd files...
2018-04-26 10:11:44 38968 [Note] InnoDB: Restoring possible half-written data pages 
2018-04-26 10:11:44 38968 [Note] InnoDB: from the doublewrite buffer...
2018-04-26 10:11:45 38968 [Note] InnoDB: 128 rollback segment(s) are active.
2018-04-26 10:11:45 38968 [Note] InnoDB: Waiting for purge to start
2018-04-26 10:11:45 38968 [Note] InnoDB: 5.6.13 started; log sequence number 7262122
2018-04-26 10:11:45 38968 [Note] Server hostname (bind-address): '*'; port: 3307
2018-04-26 10:11:45 38968 [Note] IPv6 is available.
2018-04-26 10:11:45 38968 [Note]   - '::' resolves to '::';
2018-04-26 10:11:45 38968 [Note] Server socket created on IP: '::'.
2018-04-26 15:31:21 48888 [Note] Plugin 'FEDERATED' is disabled.
2018-04-26 15:31:21 48888 [Note] InnoDB: The InnoDB memory heap is disabled
2018-04-26 15:31:21 48888 [Note] InnoDB: Mutexes and rw_locks use Windows interlocked functions
2018-04-26 15:31:21 48888 [Note] InnoDB: Compressed tables use zlib 1.2.3
2018-04-26 15:31:21 48888 [Note] InnoDB: Not using CPU crc32 instructions
2018-04-26 15:31:21 48888 [Note] InnoDB: Initializing buffer pool, size = 128.0M
2018-04-26 15:31:21 48888 [Note] InnoDB: Completed initialization of buffer pool
2018-04-26 15:31:21 48888 [Note] InnoDB: Highest supported file format is Barracuda.
2018-04-26 15:31:21 48888 [Note] InnoDB: The log sequence numbers 1626134 and 1626134 in ibdata files do not match the log sequence number 7721596 in the ib_logfiles!
2018-04-26 15:31:21 48888 [Note] InnoDB: Database was not shutdown normally!
2018-04-26 15:31:21 48888 [Note] InnoDB: Starting crash recovery.
2018-04-26 15:31:21 48888 [Note] InnoDB: Reading tablespace information from the .ibd files...
2018-04-26 15:31:21 48888 [Note] InnoDB: Restoring possible half-written data pages 
2018-04-26 15:31:21 48888 [Note] InnoDB: from the doublewrite buffer...
2018-04-26 15:31:22 48888 [Note] InnoDB: 128 rollback segment(s) are active.
2018-04-26 15:31:22 48888 [Note] InnoDB: Waiting for purge to start
2018-04-26 15:31:22 48888 [Note] InnoDB: 5.6.13 started; log sequence number 7721596
2018-04-26 15:31:22 48888 [Note] Server hostname (bind-address): '*'; port: 3307
2018-04-26 15:31:22 48888 [Note] IPv6 is available.
2018-04-26 15:31:22 48888 [Note]   - '::' resolves to '::';
2018-04-26 15:31:22 48888 [Note] Server socket created on IP: '::'.
2018-04-26 15:31:23 48888 [Note] Event Scheduler: Loaded 0 events
2018-04-26 15:31:23 48888 [Note] D:\GITHUB_TRABAJOS_MIGUEL_CURSO_2018\DAW_CURSO_2017_2018\COPIA_FORK_PROYECTO_ESPORT_G6\PROYECTO_ESPORT_G6\USBWEBSERVER_v8.6\USBWebServer_v8.6/mysql/bin/mysqld_usbwv8.exe: ready for connections.
Version: '5.6.13'  socket: ''  port: 3307  MySQL Community Server (GPL)
2018-04-26 17:17:55 52992 [Note] Plugin 'FEDERATED' is disabled.
2018-04-26 17:17:55 52992 [Note] InnoDB: The InnoDB memory heap is disabled
2018-04-26 17:17:55 52992 [Note] InnoDB: Mutexes and rw_locks use Windows interlocked functions
2018-04-26 17:17:55 52992 [Note] InnoDB: Compressed tables use zlib 1.2.3
2018-04-26 17:17:55 52992 [Note] InnoDB: Not using CPU crc32 instructions
2018-04-26 17:17:55 52992 [Note] InnoDB: Initializing buffer pool, size = 128.0M
2018-04-26 17:17:55 52992 [Note] InnoDB: Completed initialization of buffer pool
2018-04-26 17:17:55 52992 [ERROR] InnoDB: D:\GITHUB_TRABAJOS_MIGUEL_CURSO_2018\DAW_CURSO_2017_2018\COPIA_FORK_PROYECTO_ESPORT_G6\PROYECTO_ESPORT_G6\USBWEBSERVER_v8.6\USBWebServer_v8.6\mysql\data\ibdata1 can't be opened in read-write mode
2018-04-26 17:17:55 52992 [ERROR] InnoDB: The system tablespace must be writable!
2018-04-26 17:17:55 52992 [ERROR] Plugin 'InnoDB' init function returned error.
2018-04-26 17:17:55 52992 [ERROR] Plugin 'InnoDB' registration as a STORAGE ENGINE failed.
2018-04-26 17:17:55 52992 [ERROR] Unknown/unsupported storage engine: InnoDB
2018-04-26 17:17:55 52992 [ERROR] Aborting

2018-04-26 17:17:55 52992 [Note] Binlog end
2018-04-26 17:17:55 52992 [Note] Shutting down plugin 'partition'
2018-04-26 17:17:55 52992 [Note] Shutting down plugin 'PERFORMANCE_SCHEMA'
2018-04-26 17:17:55 52992 [Note] Shutting down plugin 'INNODB_SYS_DATAFILES'
2018-04-26 17:17:55 52992 [Note] Shutting down plugin 'INNODB_SYS_TABLESPACES'
2018-04-26 17:17:55 52992 [Note] Shutting down plugin 'INNODB_SYS_FOREIGN_COLS'
2018-04-26 17:17:55 52992 [Note] Shutting down plugin 'INNODB_SYS_FOREIGN'
2018-04-26 17:17:55 52992 [Note] Shutting down plugin 'INNODB_SYS_FIELDS'
2018-04-26 17:17:55 52992 [Note] Shutting down plugin 'INNODB_SYS_COLUMNS'
2018-04-26 17:17:55 52992 [Note] Shutting down plugin 'INNODB_SYS_INDEXES'
2018-04-26 17:17:55 52992 [Note] Shutting down plugin 'INNODB_SYS_TABLESTATS'
2018-04-26 17:17:55 52992 [Note] Shutting down plugin 'INNODB_SYS_TABLES'
2018-04-26 17:17:55 52992 [Note] Shutting down plugin 'INNODB_FT_INDEX_TABLE'
2018-04-26 17:17:55 52992 [Note] Shutting down plugin 'INNODB_FT_INDEX_CACHE'
2018-04-26 17:17:55 52992 [Note] Shutting down plugin 'INNODB_FT_CONFIG'
2018-04-26 17:17:55 52992 [Note] Shutting down plugin 'INNODB_FT_BEING_DELETED'
2018-04-26 17:17:55 52992 [Note] Shutting down plugin 'INNODB_FT_DELETED'
2018-04-26 17:17:55 52992 [Note] Shutting down plugin 'INNODB_FT_DEFAULT_STOPWORD'
2018-04-26 17:17:55 52992 [Note] Shutting down plugin 'INNODB_METRICS'
2018-04-26 17:17:55 52992 [Note] Shutting down plugin 'INNODB_BUFFER_POOL_STATS'
2018-04-26 17:17:55 52992 [Note] Shutting down plugin 'INNODB_BUFFER_PAGE_LRU'
2018-04-26 17:17:55 52992 [Note] Shutting down plugin 'INNODB_BUFFER_PAGE'
2018-04-26 17:17:55 52992 [Note] Shutting down plugin 'INNODB_CMP_PER_INDEX_RESET'
2018-04-26 17:17:55 52992 [Note] Shutting down plugin 'INNODB_CMP_PER_INDEX'
2018-04-26 17:17:55 52992 [Note] Shutting down plugin 'INNODB_CMPMEM_RESET'
2018-04-26 17:17:55 52992 [Note] Shutting down plugin 'INNODB_CMPMEM'
2018-04-26 17:17:55 52992 [Note] Shutting down plugin 'INNODB_CMP_RESET'
2018-04-26 17:17:55 52992 [Note] Shutting down plugin 'INNODB_CMP'
2018-04-26 17:17:55 52992 [Note] Shutting down plugin 'INNODB_LOCK_WAITS'
2018-04-26 17:17:55 52992 [Note] Shutting down plugin 'INNODB_LOCKS'
2018-04-26 17:17:55 52992 [Note] Shutting down plugin 'INNODB_TRX'
2018-04-26 17:17:55 52992 [Note] Shutting down plugin 'BLACKHOLE'
2018-04-26 17:17:55 52992 [Note] Shutting down plugin 'ARCHIVE'
2018-04-26 17:17:55 52992 [Note] Shutting down plugin 'MRG_MYISAM'
2018-04-26 17:17:55 52992 [Note] Shutting down plugin 'MyISAM'
2018-04-26 17:17:55 52992 [Note] Shutting down plugin 'MEMORY'
2018-04-26 17:17:55 52992 [Note] Shutting down plugin 'CSV'
2018-04-26 17:17:55 52992 [Note] Shutting down plugin 'sha256_password'
2018-04-26 17:17:55 52992 [Note] Shutting down plugin 'mysql_old_password'
2018-04-26 17:17:55 52992 [Note] Shutting down plugin 'mysql_native_password'
2018-04-26 17:17:55 52992 [Note] Shutting down plugin 'binlog'
2018-04-26 17:17:55 52992 [Note] D:\GITHUB_TRABAJOS_MIGUEL_CURSO_2018\DAW_CURSO_2017_2018\COPIA_FORK_PROYECTO_ESPORT_G6\PROYECTO_ESPORT_G6\USBWEBSERVER_v8.6\USBWebServer_v8.6/mysql/bin/mysqld_usbwv8.exe: Shutdown complete

2018-04-26 18:57:41 62928 [Note] Plugin 'FEDERATED' is disabled.
2018-04-26 18:57:41 62928 [Note] InnoDB: The InnoDB memory heap is disabled
2018-04-26 18:57:41 62928 [Note] InnoDB: Mutexes and rw_locks use Windows interlocked functions
2018-04-26 18:57:41 62928 [Note] InnoDB: Compressed tables use zlib 1.2.3
2018-04-26 18:57:41 62928 [Note] InnoDB: Not using CPU crc32 instructions
2018-04-26 18:57:41 62928 [Note] InnoDB: Initializing buffer pool, size = 128.0M
2018-04-26 18:57:41 62928 [Note] InnoDB: Completed initialization of buffer pool
2018-04-26 18:57:41 62928 [Note] InnoDB: Highest supported file format is Barracuda.
2018-04-26 18:57:41 62928 [Note] InnoDB: The log sequence numbers 1626134 and 1626134 in ibdata files do not match the log sequence number 7722215 in the ib_logfiles!
2018-04-26 18:57:41 62928 [Note] InnoDB: Database was not shutdown normally!
2018-04-26 18:57:41 62928 [Note] InnoDB: Starting crash recovery.
2018-04-26 18:57:41 62928 [Note] InnoDB: Reading tablespace information from the .ibd files...
2018-04-26 18:57:41 62928 [Note] InnoDB: Restoring possible half-written data pages 
2018-04-26 18:57:41 62928 [Note] InnoDB: from the doublewrite buffer...
2018-04-26 18:57:41 62928 [Note] InnoDB: 128 rollback segment(s) are active.
2018-04-26 18:57:41 62928 [Note] InnoDB: Waiting for purge to start
2018-04-26 18:57:41 62928 [Note] InnoDB: 5.6.13 started; log sequence number 7722215
2018-04-26 18:57:41 62928 [Note] Server hostname (bind-address): '*'; port: 3307
2018-04-26 18:57:41 62928 [Note] IPv6 is available.
2018-04-26 18:57:41 62928 [Note]   - '::' resolves to '::';
2018-04-26 18:57:41 62928 [Note] Server socket created on IP: '::'.
2018-04-26 22:31:35 65576 [Note] Plugin 'FEDERATED' is disabled.
2018-04-26 22:31:35 65576 [Note] InnoDB: The InnoDB memory heap is disabled
2018-04-26 22:31:35 65576 [Note] InnoDB: Mutexes and rw_locks use Windows interlocked functions
2018-04-26 22:31:35 65576 [Note] InnoDB: Compressed tables use zlib 1.2.3
2018-04-26 22:31:35 65576 [Note] InnoDB: Not using CPU crc32 instructions
2018-04-26 22:31:35 65576 [Note] InnoDB: Initializing buffer pool, size = 128.0M
2018-04-26 22:31:35 65576 [Note] InnoDB: Completed initialization of buffer pool
2018-04-26 22:31:35 65576 [Note] InnoDB: Highest supported file format is Barracuda.
2018-04-26 22:31:35 65576 [Note] InnoDB: The log sequence numbers 1626134 and 1626134 in ibdata files do not match the log sequence number 7722225 in the ib_logfiles!
2018-04-26 22:31:35 65576 [Note] InnoDB: Database was not shutdown normally!
2018-04-26 22:31:35 65576 [Note] InnoDB: Starting crash recovery.
2018-04-26 22:31:35 65576 [Note] InnoDB: Reading tablespace information from the .ibd files...
2018-04-26 22:31:35 65576 [Note] InnoDB: Restoring possible half-written data pages 
2018-04-26 22:31:35 65576 [Note] InnoDB: from the doublewrite buffer...
2018-04-26 22:31:36 65576 [Note] InnoDB: 128 rollback segment(s) are active.
2018-04-26 22:31:36 65576 [Note] InnoDB: Waiting for purge to start
2018-04-26 22:31:36 65576 [Note] InnoDB: 5.6.13 started; log sequence number 7722225
2018-04-26 22:31:36 65576 [Note] Server hostname (bind-address): '*'; port: 3307
2018-04-26 22:31:36 65576 [Note] IPv6 is available.
2018-04-26 22:31:36 65576 [Note]   - '::' resolves to '::';
2018-04-26 22:31:36 65576 [Note] Server socket created on IP: '::'.
